<?xml version="1.0" encoding="UTF-8"?>
<!-- Generated by org.testng.reporters.JUnitXMLReporter -->
<testsuite hostname="SHRI" ignored="1" name="EdgeTest" tests="3" failures="0" timestamp="2023-03-05T15:21:01 IST" time="31.642" errors="0">
  <testcase name="LoginTest" time="0.812" classname="caseStudy.DemoBlazeTest"/>
  <testcase name="AddItemToCart" time="18.886" classname="caseStudy.DemoBlazeTest"/>
  <testcase name="AddingMultipleItemToCart" time="0.0" classname="caseStudy.DemoBlazeTest">
    <skipped/>
  </testcase> <!-- AddingMultipleItemToCart -->
  <testcase name="@BeforeTest setup" time="0.0" classname="caseStudy.DemoBlazeTest">
    <ignored/>
  </testcase> <!-- @BeforeTest setup -->
</testsuite> <!-- EdgeTest -->
